2023-03-26 17:35:04 [py.warnings] WARNING: C:\Users\Khoi Van\Documents\programming\acs-spring-2023-orgn-schedule\venv\Lib\site-packages\scrapy\utils\request.py:232: ScrapyDeprecationWarning: '2.6' is a deprecated value for the 'REQUEST_FINGERPRINTER_IMPLEMENTATION' setting.

It is also the default value. In other words, it is normal to get this warning if you have not defined a value for the 'REQUEST_FINGERPRINTER_IMPLEMENTATION' setting. This is so for backward compatibility reasons, but it will change in a future version of Scrapy.

See the documentation of the 'REQUEST_FINGERPRINTER_IMPLEMENTATION' setting for information on how to handle this deprecation.
  return cls(crawler)

2023-03-26 17:35:04 [scrapy.extensions.telnet] INFO: Telnet Password: d32a5cc428e21e68
2023-03-26 17:35:04 [scrapy.middleware] INFO: Enabled extensions:
['scrapy.extensions.corestats.CoreStats',
 'scrapy.extensions.telnet.TelnetConsole',
 'scrapy.extensions.feedexport.FeedExporter',
 'scrapy.extensions.logstats.LogStats']
2023-03-26 17:35:04 [scrapy.middleware] INFO: Enabled downloader middlewares:
['scrapy.downloadermiddlewares.httpauth.HttpAuthMiddleware',
 'scrapy.downloadermiddlewares.downloadtimeout.DownloadTimeoutMiddleware',
 'scrapy.downloadermiddlewares.defaultheaders.DefaultHeadersMiddleware',
 'scrapy.downloadermiddlewares.useragent.UserAgentMiddleware',
 'scrapy.downloadermiddlewares.retry.RetryMiddleware',
 'scrapy.downloadermiddlewares.redirect.MetaRefreshMiddleware',
 'scrapy.downloadermiddlewares.httpcompression.HttpCompressionMiddleware',
 'scrapy.downloadermiddlewares.redirect.RedirectMiddleware',
 'scrapy.downloadermiddlewares.cookies.CookiesMiddleware',
 'scrapy.downloadermiddlewares.httpproxy.HttpProxyMiddleware',
 'scrapy.downloadermiddlewares.stats.DownloaderStats']
2023-03-26 17:35:04 [scrapy.middleware] INFO: Enabled spider middlewares:
['scrapy.spidermiddlewares.httperror.HttpErrorMiddleware',
 'scrapy.spidermiddlewares.offsite.OffsiteMiddleware',
 'scrapy.spidermiddlewares.referer.RefererMiddleware',
 'scrapy.spidermiddlewares.urllength.UrlLengthMiddleware',
 'scrapy.spidermiddlewares.depth.DepthMiddleware']
2023-03-26 17:35:04 [scrapy.middleware] INFO: Enabled item pipelines:
[]
2023-03-26 17:35:04 [scrapy.core.engine] INFO: Spider opened
2023-03-26 17:35:05 [scrapy.extensions.logstats] INFO: Crawled 0 pages (at 0 pages/min), scraped 0 items (at 0 items/min)
2023-03-26 17:35:05 [scrapy.extensions.telnet] INFO: Telnet console listening on 127.0.0.1:6023
2023-03-26 17:36:05 [scrapy.extensions.logstats] INFO: Crawled 59 pages (at 59 pages/min), scraped 27 items (at 27 items/min)
2023-03-26 17:37:05 [scrapy.extensions.logstats] INFO: Crawled 123 pages (at 64 pages/min), scraped 46 items (at 19 items/min)
2023-03-26 17:38:05 [scrapy.extensions.logstats] INFO: Crawled 182 pages (at 59 pages/min), scraped 64 items (at 18 items/min)
2023-03-26 17:38:15 [scrapy.core.engine] INFO: Closing spider (finished)
2023-03-26 17:38:15 [scrapy.extensions.feedexport] INFO: Stored json feed (73 items) in: src\_data\acs_spring2023_orgn_for_summary.json
2023-03-26 17:38:15 [scrapy.statscollectors] INFO: Dumping Scrapy stats:
{'downloader/request_bytes': 157974,
 'downloader/request_count': 192,
 'downloader/request_method_count/GET': 192,
 'downloader/response_bytes': 13852736,
 'downloader/response_count': 192,
 'downloader/response_status_count/200': 192,
 'elapsed_time_seconds': 190.182206,
 'feedexport/success_count/FileFeedStorage': 1,
 'finish_reason': 'finished',
 'finish_time': datetime.datetime(2023, 3, 26, 22, 38, 15, 238238),
 'httpcompression/response_bytes': 65925646,
 'httpcompression/response_count': 192,
 'item_scraped_count': 73,
 'log_count/INFO': 14,
 'log_count/WARNING': 1,
 'request_depth_max': 191,
 'response_received_count': 192,
 'scheduler/dequeued': 192,
 'scheduler/dequeued/memory': 192,
 'scheduler/enqueued': 192,
 'scheduler/enqueued/memory': 192,
 'start_time': datetime.datetime(2023, 3, 26, 22, 35, 5, 56032)}
2023-03-26 17:38:15 [scrapy.core.engine] INFO: Spider closed (finished)
2023-03-26 17:38:15 [py.warnings] WARNING: C:\Users\Khoi Van\Documents\programming\acs-spring-2023-orgn-schedule\utils\generate_summary.py:60: FutureWarning: Indexing with multiple keys (implicitly converted to a tuple of keys) will be deprecated, use a list instead.
  df.groupby(['starting_date', 'am_or_pm'], sort=True, group_keys=True)['starting_date', 'am_or_pm', 'title', 'location'].apply(lambda x: x).to_csv(SUMMARY_FILE, index=False)

